Flow report for emsx_top_de0cv
Sun May 22 06:47:52 2022
Quartus Prime Version 21.1.0 Build 842 10/21/2021 SJ Lite Edition


---------------------
; Table of Contents ;
---------------------
  1. Legal Notice
  2. Flow Summary
  3. Flow Settings
  4. Flow Non-Default Global Settings
  5. Flow Elapsed Time
  6. Flow OS Summary
  7. Flow Log
  8. Flow Messages
  9. Flow Suppressed Messages



----------------
; Legal Notice ;
----------------
Copyright (C) 2021  Intel Corporation. All rights reserved.
Your use of Intel Corporation's design tools, logic functions 
and other software and tools, and any partner logic 
functions, and any output files from any of the foregoing 
(including device programming or simulation files), and any 
associated documentation or information are expressly subject 
to the terms and conditions of the Intel Program License 
Subscription Agreement, the Intel Quartus Prime License Agreement,
the Intel FPGA IP License Agreement, or other applicable license
agreement, including, without limitation, that your use is for
the sole purpose of programming logic devices manufactured by
Intel and sold by Intel or its authorized distributors.  Please
refer to the applicable agreement for further details, at
https://fpgasoftware.intel.com/eula.



+-------------------------------------------------------------------------------+
; Flow Summary                                                                  ;
+---------------------------------+---------------------------------------------+
; Flow Status                     ; Successful - Sun May 22 06:47:03 2022       ;
; Quartus Prime Version           ; 21.1.0 Build 842 10/21/2021 SJ Lite Edition ;
; Revision Name                   ; emsx_top_de0cv                              ;
; Top-level Entity Name           ; emsx_top_de0cv                              ;
; Family                          ; Cyclone V                                   ;
; Device                          ; 5CEBA4F23C7                                 ;
; Timing Models                   ; Final                                       ;
; Logic utilization (in ALMs)     ; 7,708 / 18,480 ( 42 % )                     ;
; Total registers                 ; 5584                                        ;
; Total pins                      ; 195 / 224 ( 87 % )                          ;
; Total virtual pins              ; 0                                           ;
; Total block memory bits         ; 50,848 / 3,153,920 ( 2 % )                  ;
; Total DSP Blocks                ; 21 / 66 ( 32 % )                            ;
; Total HSSI RX PCSs              ; 0                                           ;
; Total HSSI PMA RX Deserializers ; 0                                           ;
; Total HSSI TX PCSs              ; 0                                           ;
; Total HSSI PMA TX Serializers   ; 0                                           ;
; Total PLLs                      ; 1 / 4 ( 25 % )                              ;
; Total DLLs                      ; 0 / 4 ( 0 % )                               ;
+---------------------------------+---------------------------------------------+


+-----------------------------------------+
; Flow Settings                           ;
+-------------------+---------------------+
; Option            ; Setting             ;
+-------------------+---------------------+
; Start date & time ; 05/22/2022 06:41:33 ;
; Main task         ; Compilation         ;
; Revision Name     ; emsx_top_de0cv      ;
+-------------------+---------------------+


+-------------------------------------------------------------------------------------------------------------------------------------------------------------------+
; Flow Non-Default Global Settings                                                                                                                                  ;
+-----------------------------------------+-------------------------------------------------------+--------------------------------------+-------------+------------+
; Assignment Name                         ; Value                                                 ; Default Value                        ; Entity Name ; Section Id ;
+-----------------------------------------+-------------------------------------------------------+--------------------------------------+-------------+------------+
; ALM_REGISTER_PACKING_EFFORT             ; High                                                  ; Medium                               ; --          ; --         ;
; COMPILER_SIGNATURE_ID                   ; 79871140848936.165316929312600                        ; --                                   ; --          ; --         ;
; FITTER_EFFORT                           ; Standard Fit                                          ; Auto Fit                             ; --          ; --         ;
; IP_SEARCH_PATHS                         ; d:\download\de0-cv\ocm-pld\emsxcv\pld\src\sound\opl3  ; --                                   ; --          ; --         ;
; MAX_CORE_JUNCTION_TEMP                  ; 85                                                    ; --                                   ; --          ; --         ;
; MIN_CORE_JUNCTION_TEMP                  ; 0                                                     ; --                                   ; --          ; --         ;
; MISC_FILE                               ; ../../src/board/de0cv/pll/pll_de0cv.cmp               ; --                                   ; --          ; --         ;
; MISC_FILE                               ; ../../src/board/de0cv/pll/pll_de0cv_sim/pll_de0cv.vho ; --                                   ; --          ; --         ;
; OPTIMIZATION_MODE                       ; Aggressive Area                                       ; Balanced                             ; --          ; --         ;
; OPTIMIZATION_TECHNIQUE                  ; Area                                                  ; Balanced                             ; --          ; --         ;
; OUTPUT_IO_TIMING_FAR_END_VMEAS          ; Half Signal Swing                                     ; --                                   ; --          ; --         ;
; OUTPUT_IO_TIMING_FAR_END_VMEAS          ; Half Signal Swing                                     ; --                                   ; --          ; --         ;
; OUTPUT_IO_TIMING_NEAR_END_VMEAS         ; Half Vccio                                            ; --                                   ; --          ; --         ;
; OUTPUT_IO_TIMING_NEAR_END_VMEAS         ; Half Vccio                                            ; --                                   ; --          ; --         ;
; PARTITION_COLOR                         ; -- (Not supported for targeted family)                ; --                                   ; --          ; Top        ;
; PARTITION_FITTER_PRESERVATION_LEVEL     ; -- (Not supported for targeted family)                ; --                                   ; --          ; Top        ;
; PARTITION_NETLIST_TYPE                  ; -- (Not supported for targeted family)                ; --                                   ; --          ; Top        ;
; PHYSICAL_SYNTHESIS_COMBO_LOGIC_FOR_AREA ; On                                                    ; Off                                  ; --          ; --         ;
; POWER_BOARD_THERMAL_MODEL               ; None (CONSERVATIVE)                                   ; --                                   ; --          ; --         ;
; POWER_PRESET_COOLING_SOLUTION           ; 23 MM HEAT SINK WITH 200 LFPM AIRFLOW                 ; --                                   ; --          ; --         ;
; PROJECT_IP_REGENERATION_POLICY          ; ALWAYS_REGENERATE_IP                                  ; SKIP_REGENERATING_IP_IF_HDL_MODIFIED ; --          ; --         ;
; PROJECT_OUTPUT_DIRECTORY                ; output_files                                          ; --                                   ; --          ; --         ;
; SMART_RECOMPILE                         ; On                                                    ; Off                                  ; --          ; --         ;
; SPD_FILE                                ; ../../src/board/de0cv/pll/pll_de0cv.spd               ; --                                   ; --          ; --         ;
; SYNTHESIS_ONLY_QIP                      ; On                                                    ; --                                   ; --          ; --         ;
+-----------------------------------------+-------------------------------------------------------+--------------------------------------+-------------+------------+


+--------------------------------------------------------------------------------------------------------------------------+
; Flow Elapsed Time                                                                                                        ;
+----------------------+--------------+-------------------------+---------------------+------------------------------------+
; Module Name          ; Elapsed Time ; Average Processors Used ; Peak Virtual Memory ; Total CPU Time (on all processors) ;
+----------------------+--------------+-------------------------+---------------------+------------------------------------+
; Analysis & Synthesis ; 00:01:18     ; 2.3                     ; 5065 MB             ; 00:02:32                           ;
; Fitter               ; 00:03:47     ; 1.4                     ; 6748 MB             ; 00:10:52                           ;
; Assembler            ; 00:00:14     ; 1.0                     ; 4959 MB             ; 00:00:13                           ;
; Timing Analyzer      ; 00:00:47     ; 2.4                     ; 5458 MB             ; 00:01:48                           ;
; Total                ; 00:06:06     ; --                      ; --                  ; 00:15:25                           ;
+----------------------+--------------+-------------------------+---------------------+------------------------------------+


+------------------------------------------------------------------------------------+
; Flow OS Summary                                                                    ;
+----------------------+------------------+------------+------------+----------------+
; Module Name          ; Machine Hostname ; OS Name    ; OS Version ; Processor type ;
+----------------------+------------------+------------+------------+----------------+
; Analysis & Synthesis ; MSI              ; Windows 10 ; 10.0       ; x86_64         ;
; Fitter               ; MSI              ; Windows 10 ; 10.0       ; x86_64         ;
; Assembler            ; MSI              ; Windows 10 ; 10.0       ; x86_64         ;
; Timing Analyzer      ; MSI              ; Windows 10 ; 10.0       ; x86_64         ;
+----------------------+------------------+------------+------------+----------------+


------------
; Flow Log ;
------------
quartus_map --read_settings_files=on --write_settings_files=off emsx_top_de0cv -c emsx_top_de0cv
quartus_fit --read_settings_files=off --write_settings_files=off emsx_top_de0cv -c emsx_top_de0cv
quartus_asm --read_settings_files=off --write_settings_files=off emsx_top_de0cv -c emsx_top_de0cv
quartus_sta emsx_top_de0cv -c emsx_top_de0cv



