Assembler report for emsx_top_de0cv
Tue Dec 21 06:40:03 2021
Quartus Prime Version 20.1.1 Build 720 11/11/2020 SJ Lite Edition


---------------------
; Table of Contents ;
---------------------
  1. Legal Notice
  2. Assembler Summary
  3. Assembler Settings
  4. Assembler Generated Files
  5. Assembler Device Options: C:/Users/hra/Documents/github/one-chip-msx-kai/source/pld/projects/de0cv/output_files/emsx_top_de0cv.sof
  6. Assembler Device Options: C:/Users/hra/Documents/github/one-chip-msx-kai/source/pld/projects/de0cv/output_files/emsx_top_de0cv.pof
  7. Assembler Messages



----------------
; Legal Notice ;
----------------
Copyright (C) 2020  Intel Corporation. All rights reserved.
Your use of Intel Corporation's design tools, logic functions 
and other software and tools, and any partner logic 
functions, and any output files from any of the foregoing 
(including device programming or simulation files), and any 
associated documentation or information are expressly subject 
to the terms and conditions of the Intel Program License 
Subscription Agreement, the Intel Quartus Prime License Agreement,
the Intel FPGA IP License Agreement, or other applicable license
agreement, including, without limitation, that your use is for
the sole purpose of programming logic devices manufactured by
Intel and sold by Intel or its authorized distributors.  Please
refer to the applicable agreement for further details, at
https://fpgasoftware.intel.com/eula.



+---------------------------------------------------------------+
; Assembler Summary                                             ;
+-----------------------+---------------------------------------+
; Assembler Status      ; Successful - Tue Dec 21 06:40:03 2021 ;
; Revision Name         ; emsx_top_de0cv                        ;
; Top-level Entity Name ; emsx_top_de0cv                        ;
; Family                ; Cyclone V                             ;
; Device                ; 5CEBA4F23C7                           ;
+-----------------------+---------------------------------------+


+----------------------------------+
; Assembler Settings               ;
+--------+---------+---------------+
; Option ; Setting ; Default Value ;
+--------+---------+---------------+


+----------------------------------------------------------------------------------------------------------+
; Assembler Generated Files                                                                                ;
+----------------------------------------------------------------------------------------------------------+
; File Name                                                                                                ;
+----------------------------------------------------------------------------------------------------------+
; C:/Users/hra/Documents/github/one-chip-msx-kai/source/pld/projects/de0cv/output_files/emsx_top_de0cv.sof ;
; C:/Users/hra/Documents/github/one-chip-msx-kai/source/pld/projects/de0cv/output_files/emsx_top_de0cv.pof ;
+----------------------------------------------------------------------------------------------------------+


+------------------------------------------------------------------------------------------------------------------------------------+
; Assembler Device Options: C:/Users/hra/Documents/github/one-chip-msx-kai/source/pld/projects/de0cv/output_files/emsx_top_de0cv.sof ;
+----------------+-------------------------------------------------------------------------------------------------------------------+
; Option         ; Setting                                                                                                           ;
+----------------+-------------------------------------------------------------------------------------------------------------------+
; JTAG usercode  ; 0x028191C3                                                                                                        ;
; Checksum       ; 0x028191C3                                                                                                        ;
+----------------+-------------------------------------------------------------------------------------------------------------------+


+------------------------------------------------------------------------------------------------------------------------------------+
; Assembler Device Options: C:/Users/hra/Documents/github/one-chip-msx-kai/source/pld/projects/de0cv/output_files/emsx_top_de0cv.pof ;
+--------------------+---------------------------------------------------------------------------------------------------------------+
; Option             ; Setting                                                                                                       ;
+--------------------+---------------------------------------------------------------------------------------------------------------+
; JTAG usercode      ; 0x00000000                                                                                                    ;
; Checksum           ; 0x71156AB2                                                                                                    ;
; Compression Ratio  ; 2                                                                                                             ;
+--------------------+---------------------------------------------------------------------------------------------------------------+


+--------------------+
; Assembler Messages ;
+--------------------+
Info: *******************************************************************
Info: Running Quartus Prime Assembler
    Info: Version 20.1.1 Build 720 11/11/2020 SJ Lite Edition
    Info: Processing started: Tue Dec 21 06:39:45 2021
Info: Command: quartus_asm --read_settings_files=off --write_settings_files=off emsx_top_de0cv -c emsx_top_de0cv
Warning (18236): Number of processors has not been specified which may cause overloading on shared machines.  Set the global assignment NUM_PARALLEL_PROCESSORS in your QSF to an appropriate value for best performance.
Info (115030): Assembler is generating device programming files
Info: Quartus Prime Assembler was successful. 0 errors, 1 warning
    Info: Peak virtual memory: 4965 megabytes
    Info: Processing ended: Tue Dec 21 06:40:03 2021
    Info: Elapsed time: 00:00:18
    Info: Total CPU time (on all processors): 00:00:16


